2025-08-06 13:58:41,958 - INFO - Login test started.
2025-08-06 13:58:48,446 - INFO - ********************Test__001_Login****************
2025-08-06 13:58:54,092 - INFO - ********************Verifying Home Page Title****************
2025-08-06 14:09:07,919 - INFO - Login test started.
2025-08-06 14:10:03,661 - INFO - ********************Test__001_Login****************
2025-08-06 14:10:05,730 - INFO - ********************Verifying Home Page Title****************
2025-08-06 14:12:30,063 - INFO - Login test started.
2025-08-06 14:12:30,248 - INFO - Login test started.
2025-08-06 14:12:36,989 - INFO - ********************Test__001_Login****************
2025-08-06 14:12:39,027 - INFO - ********************Verifying Home Page Title****************
2025-08-06 14:13:15,810 - INFO - Login test started.
2025-08-06 14:13:15,939 - INFO - Login test started.
2025-08-06 14:13:26,515 - INFO - ********************Test__001_Login****************
2025-08-06 14:13:29,725 - INFO - ********************Verifying Home Page Title****************
2025-08-06 14:22:35,275 - INFO - Login test started.
2025-08-06 14:22:40,805 - INFO - ********************Test__001_Login****************
2025-08-06 14:22:42,731 - INFO - ********************Verifying Home Page Title****************
2025-08-06 14:24:26,848 - INFO - Login test started.
2025-08-06 14:24:53,600 - INFO - Login test started.
2025-08-06 14:25:44,866 - INFO - Login test started.
2025-08-06 14:26:42,000 - INFO - Login test started.
2025-08-06 14:26:47,950 - INFO - ********************Test__001_Login****************
2025-08-06 14:26:50,067 - INFO - ********************Verifying Home Page Title****************
2025-08-06 14:28:18,939 - INFO - Login test started.
2025-08-06 14:29:27,015 - INFO - Login test started.
2025-08-06 14:30:28,495 - INFO - Login test started.
2025-08-06 14:31:31,829 - INFO - Login test started.
2025-08-06 14:31:37,002 - INFO - ********************Test__001_Login****************
2025-08-06 14:31:42,177 - INFO - ********************Verifying Home Page Title****************
2025-08-06 14:33:57,462 - INFO - Login test started.
2025-08-06 14:34:01,555 - INFO - ********************Test__001_Login****************
2025-08-06 14:34:03,285 - INFO - ********************Verifying Home Page Title****************
2025-08-06 20:55:04,718 - INFO - Login test started.
2025-08-06 20:55:28,819 - INFO - Login test started.
2025-08-06 20:55:29,374 - INFO - Login test started.
2025-08-06 20:55:33,497 - INFO - ********************Test__001_Login****************
2025-08-06 20:55:35,284 - INFO - ********************Verifying Home Page Title****************
2025-08-06 20:56:23,373 - INFO - Login test started.
2025-08-06 20:57:14,169 - INFO - Login test started.
2025-08-06 20:58:22,913 - INFO - Login test started.
2025-08-06 20:59:30,812 - INFO - Login test started.
2025-08-06 20:59:41,083 - INFO - *******PASSED*********
2025-08-06 20:59:43,642 - INFO - ******test_ddt_login Passed*********
2025-08-06 21:01:11,112 - INFO - Login test started.
2025-08-06 21:01:24,131 - INFO - *******PASSED*********
2025-08-06 21:01:26,146 - INFO - ******test_ddt_login Passed*********
2025-08-06 21:02:25,162 - INFO - Login test started.
2025-08-06 21:02:49,131 - INFO - *******PASSED*********
2025-08-06 21:02:51,263 - INFO - ******test_ddt_login Passed*********
2025-08-06 21:04:44,069 - INFO - Login test started.
2025-08-06 21:04:58,452 - INFO - *******PASSED*********
2025-08-06 21:05:00,597 - INFO - ******test_ddt_login Passed*********
2025-08-06 21:05:50,933 - INFO - Login test started.
2025-08-06 21:05:59,646 - INFO - *******PASSED*********
2025-08-06 21:06:58,894 - INFO - Login test started.
2025-08-06 21:07:11,095 - INFO - *******PASSED*********
2025-08-06 21:07:14,530 - INFO - *******PASSED*********
2025-08-06 21:07:15,553 - INFO - *******PASSED*********
2025-08-06 21:07:16,584 - INFO - *******PASSED*********
2025-08-06 21:07:16,585 - INFO - ******test_ddt_login Passed*********
